<?xml version="1.0" encoding="UTF-8"?>
<!-- Generated by org.testng.reporters.JUnitXMLReporter -->
<testsuite hostname="AmansMacBookPro.local" ignored="0" name="Default test" tests="4" failures="0" timestamp="2021-06-21T14:28:35 CDT" time="42.64" errors="0">
  <testcase name="testEnrollInCourse" time="13.372" classname="com.benchprep.sampletests.CodeWarsTests"/>
  <testcase name="testLogin" time="5.512" classname="com.benchprep.sampletests.CodeWarsTests"/>
  <testcase name="testLoginError" time="6.649" classname="com.benchprep.sampletests.CodeWarsTests"/>
  <testcase name="testSearch" time="8.464" classname="com.benchprep.sampletests.CodeWarsTests"/>
</testsuite> <!-- Default test -->
